<?xml version="1.0" encoding="UTF-8"?>
<testsuite xmlns:xsi="http://www.w3.org/2001/XMLSchema-instance" xsi:noNamespaceSchemaLocation="https://maven.apache.org/surefire/maven-surefire-plugin/xsd/surefire-test-report.xsd" name="store.runner.Runner" time="3.422" tests="1" errors="0" skipped="0" failures="0">
  <properties>
    <property name="java.specification.version" value="14"/>
    <property name="sun.jnu.encoding" value="UTF-8"/>
    <property name="java.class.path" value="/Users/fundacigdem/IdeaProjects/RestApiProjectExercise/target/test-classes:/Users/fundacigdem/IdeaProjects/RestApiProjectExercise/target/classes:/Users/fundacigdem/.m2/repository/io/cucumber/cucumber-java/7.2.3/cucumber-java-7.2.3.jar:/Users/fundacigdem/.m2/repository/io/cucumber/cucumber-core/7.2.3/cucumber-core-7.2.3.jar:/Users/fundacigdem/.m2/repository/io/cucumber/cucumber-gherkin/7.2.3/cucumber-gherkin-7.2.3.jar:/Users/fundacigdem/.m2/repository/io/cucumber/cucumber-gherkin-messages/7.2.3/cucumber-gherkin-messages-7.2.3.jar:/Users/fundacigdem/.m2/repository/io/cucumber/messages/17.1.1/messages-17.1.1.jar:/Users/fundacigdem/.m2/repository/io/cucumber/tag-expressions/4.1.0/tag-expressions-4.1.0.jar:/Users/fundacigdem/.m2/repository/io/cucumber/cucumber-expressions/15.0.1/cucumber-expressions-15.0.1.jar:/Users/fundacigdem/.m2/repository/io/cucumber/datatable/7.2.3/datatable-7.2.3.jar:/Users/fundacigdem/.m2/repository/io/cucumber/cucumber-plugin/7.2.3/cucumber-plugin-7.2.3.jar:/Users/fundacigdem/.m2/repository/io/cucumber/docstring/7.2.3/docstring-7.2.3.jar:/Users/fundacigdem/.m2/repository/io/cucumber/html-formatter/17.0.0/html-formatter-17.0.0.jar:/Users/fundacigdem/.m2/repository/io/cucumber/ci-environment/8.1.0/ci-environment-8.1.0.jar:/Users/fundacigdem/.m2/repository/org/apiguardian/apiguardian-api/1.1.2/apiguardian-api-1.1.2.jar:/Users/fundacigdem/.m2/repository/io/cucumber/cucumber-junit/7.2.3/cucumber-junit-7.2.3.jar:/Users/fundacigdem/.m2/repository/junit/junit/4.13.2/junit-4.13.2.jar:/Users/fundacigdem/.m2/repository/org/hamcrest/hamcrest-core/1.3/hamcrest-core-1.3.jar:/Users/fundacigdem/.m2/repository/io/rest-assured/rest-assured/4.5.1/rest-assured-4.5.1.jar:/Users/fundacigdem/.m2/repository/org/codehaus/groovy/groovy/3.0.9/groovy-3.0.9.jar:/Users/fundacigdem/.m2/repository/org/codehaus/groovy/groovy-xml/3.0.9/groovy-xml-3.0.9.jar:/Users/fundacigdem/.m2/repository/org/apache/httpcomponents/httpclient/4.5.13/httpclient-4.5.13.jar:/Users/fundacigdem/.m2/repository/org/apache/httpcomponents/httpcore/4.4.13/httpcore-4.4.13.jar:/Users/fundacigdem/.m2/repository/commons-logging/commons-logging/1.2/commons-logging-1.2.jar:/Users/fundacigdem/.m2/repository/commons-codec/commons-codec/1.11/commons-codec-1.11.jar:/Users/fundacigdem/.m2/repository/org/apache/httpcomponents/httpmime/4.5.13/httpmime-4.5.13.jar:/Users/fundacigdem/.m2/repository/org/hamcrest/hamcrest/2.1/hamcrest-2.1.jar:/Users/fundacigdem/.m2/repository/org/ccil/cowan/tagsoup/tagsoup/1.2.1/tagsoup-1.2.1.jar:/Users/fundacigdem/.m2/repository/io/rest-assured/json-path/4.5.1/json-path-4.5.1.jar:/Users/fundacigdem/.m2/repository/org/codehaus/groovy/groovy-json/3.0.9/groovy-json-3.0.9.jar:/Users/fundacigdem/.m2/repository/io/rest-assured/rest-assured-common/4.5.1/rest-assured-common-4.5.1.jar:/Users/fundacigdem/.m2/repository/io/rest-assured/xml-path/4.5.1/xml-path-4.5.1.jar:/Users/fundacigdem/.m2/repository/io/rest-assured/json-schema-validator/4.5.1/json-schema-validator-4.5.1.jar:/Users/fundacigdem/.m2/repository/com/github/java-json-tools/json-schema-validator/2.2.14/json-schema-validator-2.2.14.jar:/Users/fundacigdem/.m2/repository/com/github/java-json-tools/jackson-coreutils-equivalence/1.0/jackson-coreutils-equivalence-1.0.jar:/Users/fundacigdem/.m2/repository/com/github/java-json-tools/jackson-coreutils/2.0/jackson-coreutils-2.0.jar:/Users/fundacigdem/.m2/repository/com/github/java-json-tools/msg-simple/1.2/msg-simple-1.2.jar:/Users/fundacigdem/.m2/repository/com/github/java-json-tools/btf/1.3/btf-1.3.jar:/Users/fundacigdem/.m2/repository/com/github/java-json-tools/json-schema-core/1.2.14/json-schema-core-1.2.14.jar:/Users/fundacigdem/.m2/repository/com/github/java-json-tools/uri-template/0.10/uri-template-0.10.jar:/Users/fundacigdem/.m2/repository/org/mozilla/rhino/1.7.7.2/rhino-1.7.7.2.jar:/Users/fundacigdem/.m2/repository/com/sun/mail/mailapi/1.6.2/mailapi-1.6.2.jar:/Users/fundacigdem/.m2/repository/joda-time/joda-time/2.10.5/joda-time-2.10.5.jar:/Users/fundacigdem/.m2/repository/com/googlecode/libphonenumber/libphonenumber/8.11.1/libphonenumber-8.11.1.jar:/Users/fundacigdem/.m2/repository/com/google/code/findbugs/jsr305/3.0.2/jsr305-3.0.2.jar:/Users/fundacigdem/.m2/repository/com/google/code/gson/gson/2.8.6/gson-2.8.6.jar:/Users/fundacigdem/.m2/repository/commons-lang/commons-lang/2.6/commons-lang-2.6.jar:/Users/fundacigdem/.m2/repository/org/projectlombok/lombok/1.18.12/lombok-1.18.12.jar:/Users/fundacigdem/.m2/repository/org/slf4j/slf4j-jdk14/1.7.36/slf4j-jdk14-1.7.36.jar:/Users/fundacigdem/.m2/repository/org/slf4j/slf4j-api/1.7.36/slf4j-api-1.7.36.jar:/Users/fundacigdem/.m2/repository/com/github/tomakehurst/wiremock/2.27.1/wiremock-2.27.1.jar:/Users/fundacigdem/.m2/repository/org/eclipse/jetty/jetty-server/9.2.28.v20190418/jetty-server-9.2.28.v20190418.jar:/Users/fundacigdem/.m2/repository/javax/servlet/javax.servlet-api/3.1.0/javax.servlet-api-3.1.0.jar:/Users/fundacigdem/.m2/repository/org/eclipse/jetty/jetty-http/9.2.28.v20190418/jetty-http-9.2.28.v20190418.jar:/Users/fundacigdem/.m2/repository/org/eclipse/jetty/jetty-io/9.2.28.v20190418/jetty-io-9.2.28.v20190418.jar:/Users/fundacigdem/.m2/repository/org/eclipse/jetty/jetty-servlet/9.2.28.v20190418/jetty-servlet-9.2.28.v20190418.jar:/Users/fundacigdem/.m2/repository/org/eclipse/jetty/jetty-security/9.2.28.v20190418/jetty-security-9.2.28.v20190418.jar:/Users/fundacigdem/.m2/repository/org/eclipse/jetty/jetty-servlets/9.2.28.v20190418/jetty-servlets-9.2.28.v20190418.jar:/Users/fundacigdem/.m2/repository/org/eclipse/jetty/jetty-continuation/9.2.28.v20190418/jetty-continuation-9.2.28.v20190418.jar:/Users/fundacigdem/.m2/repository/org/eclipse/jetty/jetty-util/9.2.28.v20190418/jetty-util-9.2.28.v20190418.jar:/Users/fundacigdem/.m2/repository/org/eclipse/jetty/jetty-webapp/9.2.28.v20190418/jetty-webapp-9.2.28.v20190418.jar:/Users/fundacigdem/.m2/repository/org/eclipse/jetty/jetty-xml/9.2.28.v20190418/jetty-xml-9.2.28.v20190418.jar:/Users/fundacigdem/.m2/repository/org/eclipse/jetty/jetty-proxy/9.2.28.v20190418/jetty-proxy-9.2.28.v20190418.jar:/Users/fundacigdem/.m2/repository/org/eclipse/jetty/jetty-client/9.2.28.v20190418/jetty-client-9.2.28.v20190418.jar:/Users/fundacigdem/.m2/repository/com/google/guava/guava/20.0/guava-20.0.jar:/Users/fundacigdem/.m2/repository/com/fasterxml/jackson/core/jackson-core/2.11.0/jackson-core-2.11.0.jar:/Users/fundacigdem/.m2/repository/com/fasterxml/jackson/core/jackson-annotations/2.11.0/jackson-annotations-2.11.0.jar:/Users/fundacigdem/.m2/repository/com/fasterxml/jackson/core/jackson-databind/2.11.0/jackson-databind-2.11.0.jar:/Users/fundacigdem/.m2/repository/org/xmlunit/xmlunit-core/2.7.0/xmlunit-core-2.7.0.jar:/Users/fundacigdem/.m2/repository/javax/xml/bind/jaxb-api/2.3.0/jaxb-api-2.3.0.jar:/Users/fundacigdem/.m2/repository/org/xmlunit/xmlunit-legacy/2.7.0/xmlunit-legacy-2.7.0.jar:/Users/fundacigdem/.m2/repository/org/xmlunit/xmlunit-placeholders/2.7.0/xmlunit-placeholders-2.7.0.jar:/Users/fundacigdem/.m2/repository/com/jayway/jsonpath/json-path/2.4.0/json-path-2.4.0.jar:/Users/fundacigdem/.m2/repository/net/minidev/json-smart/2.3/json-smart-2.3.jar:/Users/fundacigdem/.m2/repository/net/minidev/accessors-smart/1.2/accessors-smart-1.2.jar:/Users/fundacigdem/.m2/repository/org/ow2/asm/asm/7.0/asm-7.0.jar:/Users/fundacigdem/.m2/repository/net/sf/jopt-simple/jopt-simple/5.0.3/jopt-simple-5.0.3.jar:/Users/fundacigdem/.m2/repository/org/apache/commons/commons-lang3/3.7/commons-lang3-3.7.jar:/Users/fundacigdem/.m2/repository/com/github/jknack/handlebars/4.0.7/handlebars-4.0.7.jar:/Users/fundacigdem/.m2/repository/org/antlr/antlr4-runtime/4.7.1/antlr4-runtime-4.7.1.jar:/Users/fundacigdem/.m2/repository/com/github/jknack/handlebars-helpers/4.0.7/handlebars-helpers-4.0.7.jar:/Users/fundacigdem/.m2/repository/com/flipkart/zjsonpatch/zjsonpatch/0.4.4/zjsonpatch-0.4.4.jar:/Users/fundacigdem/.m2/repository/commons-fileupload/commons-fileupload/1.4/commons-fileupload-1.4.jar:/Users/fundacigdem/.m2/repository/commons-io/commons-io/2.2/commons-io-2.2.jar:/Users/fundacigdem/.m2/repository/log4j/log4j/1.2.17/log4j-1.2.17.jar:"/>
    <property name="java.vm.vendor" value="Oracle Corporation"/>
    <property name="sun.arch.data.model" value="64"/>
    <property name="java.vendor.url" value="https://openjdk.java.net/"/>
    <property name="os.name" value="Mac OS X"/>
    <property name="java.vm.specification.version" value="14"/>
    <property name="sun.java.launcher" value="SUN_STANDARD"/>
    <property name="user.country" value="GB"/>
    <property name="sun.boot.library.path" value="/usr/local/Cellar/openjdk/14.0.1/libexec/openjdk.jdk/Contents/Home/lib"/>
    <property name="sun.java.command" value="/Users/fundacigdem/IdeaProjects/RestApiProjectExercise/target/surefire/surefirebooter15819613532227638552.jar /Users/fundacigdem/IdeaProjects/RestApiProjectExercise/target/surefire 2022-03-23T00-30-14_184-jvmRun1 surefire4392802949423976595tmp surefire_010001492315636191859tmp"/>
    <property name="http.nonProxyHosts" value="local|*.local|169.254/16|*.169.254/16"/>
    <property name="jdk.debug" value="release"/>
    <property name="surefire.test.class.path" value="/Users/fundacigdem/IdeaProjects/RestApiProjectExercise/target/test-classes:/Users/fundacigdem/IdeaProjects/RestApiProjectExercise/target/classes:/Users/fundacigdem/.m2/repository/io/cucumber/cucumber-java/7.2.3/cucumber-java-7.2.3.jar:/Users/fundacigdem/.m2/repository/io/cucumber/cucumber-core/7.2.3/cucumber-core-7.2.3.jar:/Users/fundacigdem/.m2/repository/io/cucumber/cucumber-gherkin/7.2.3/cucumber-gherkin-7.2.3.jar:/Users/fundacigdem/.m2/repository/io/cucumber/cucumber-gherkin-messages/7.2.3/cucumber-gherkin-messages-7.2.3.jar:/Users/fundacigdem/.m2/repository/io/cucumber/messages/17.1.1/messages-17.1.1.jar:/Users/fundacigdem/.m2/repository/io/cucumber/tag-expressions/4.1.0/tag-expressions-4.1.0.jar:/Users/fundacigdem/.m2/repository/io/cucumber/cucumber-expressions/15.0.1/cucumber-expressions-15.0.1.jar:/Users/fundacigdem/.m2/repository/io/cucumber/datatable/7.2.3/datatable-7.2.3.jar:/Users/fundacigdem/.m2/repository/io/cucumber/cucumber-plugin/7.2.3/cucumber-plugin-7.2.3.jar:/Users/fundacigdem/.m2/repository/io/cucumber/docstring/7.2.3/docstring-7.2.3.jar:/Users/fundacigdem/.m2/repository/io/cucumber/html-formatter/17.0.0/html-formatter-17.0.0.jar:/Users/fundacigdem/.m2/repository/io/cucumber/ci-environment/8.1.0/ci-environment-8.1.0.jar:/Users/fundacigdem/.m2/repository/org/apiguardian/apiguardian-api/1.1.2/apiguardian-api-1.1.2.jar:/Users/fundacigdem/.m2/repository/io/cucumber/cucumber-junit/7.2.3/cucumber-junit-7.2.3.jar:/Users/fundacigdem/.m2/repository/junit/junit/4.13.2/junit-4.13.2.jar:/Users/fundacigdem/.m2/repository/org/hamcrest/hamcrest-core/1.3/hamcrest-core-1.3.jar:/Users/fundacigdem/.m2/repository/io/rest-assured/rest-assured/4.5.1/rest-assured-4.5.1.jar:/Users/fundacigdem/.m2/repository/org/codehaus/groovy/groovy/3.0.9/groovy-3.0.9.jar:/Users/fundacigdem/.m2/repository/org/codehaus/groovy/groovy-xml/3.0.9/groovy-xml-3.0.9.jar:/Users/fundacigdem/.m2/repository/org/apache/httpcomponents/httpclient/4.5.13/httpclient-4.5.13.jar:/Users/fundacigdem/.m2/repository/org/apache/httpcomponents/httpcore/4.4.13/httpcore-4.4.13.jar:/Users/fundacigdem/.m2/repository/commons-logging/commons-logging/1.2/commons-logging-1.2.jar:/Users/fundacigdem/.m2/repository/commons-codec/commons-codec/1.11/commons-codec-1.11.jar:/Users/fundacigdem/.m2/repository/org/apache/httpcomponents/httpmime/4.5.13/httpmime-4.5.13.jar:/Users/fundacigdem/.m2/repository/org/hamcrest/hamcrest/2.1/hamcrest-2.1.jar:/Users/fundacigdem/.m2/repository/org/ccil/cowan/tagsoup/tagsoup/1.2.1/tagsoup-1.2.1.jar:/Users/fundacigdem/.m2/repository/io/rest-assured/json-path/4.5.1/json-path-4.5.1.jar:/Users/fundacigdem/.m2/repository/org/codehaus/groovy/groovy-json/3.0.9/groovy-json-3.0.9.jar:/Users/fundacigdem/.m2/repository/io/rest-assured/rest-assured-common/4.5.1/rest-assured-common-4.5.1.jar:/Users/fundacigdem/.m2/repository/io/rest-assured/xml-path/4.5.1/xml-path-4.5.1.jar:/Users/fundacigdem/.m2/repository/io/rest-assured/json-schema-validator/4.5.1/json-schema-validator-4.5.1.jar:/Users/fundacigdem/.m2/repository/com/github/java-json-tools/json-schema-validator/2.2.14/json-schema-validator-2.2.14.jar:/Users/fundacigdem/.m2/repository/com/github/java-json-tools/jackson-coreutils-equivalence/1.0/jackson-coreutils-equivalence-1.0.jar:/Users/fundacigdem/.m2/repository/com/github/java-json-tools/jackson-coreutils/2.0/jackson-coreutils-2.0.jar:/Users/fundacigdem/.m2/repository/com/github/java-json-tools/msg-simple/1.2/msg-simple-1.2.jar:/Users/fundacigdem/.m2/repository/com/github/java-json-tools/btf/1.3/btf-1.3.jar:/Users/fundacigdem/.m2/repository/com/github/java-json-tools/json-schema-core/1.2.14/json-schema-core-1.2.14.jar:/Users/fundacigdem/.m2/repository/com/github/java-json-tools/uri-template/0.10/uri-template-0.10.jar:/Users/fundacigdem/.m2/repository/org/mozilla/rhino/1.7.7.2/rhino-1.7.7.2.jar:/Users/fundacigdem/.m2/repository/com/sun/mail/mailapi/1.6.2/mailapi-1.6.2.jar:/Users/fundacigdem/.m2/repository/joda-time/joda-time/2.10.5/joda-time-2.10.5.jar:/Users/fundacigdem/.m2/repository/com/googlecode/libphonenumber/libphonenumber/8.11.1/libphonenumber-8.11.1.jar:/Users/fundacigdem/.m2/repository/com/google/code/findbugs/jsr305/3.0.2/jsr305-3.0.2.jar:/Users/fundacigdem/.m2/repository/com/google/code/gson/gson/2.8.6/gson-2.8.6.jar:/Users/fundacigdem/.m2/repository/commons-lang/commons-lang/2.6/commons-lang-2.6.jar:/Users/fundacigdem/.m2/repository/org/projectlombok/lombok/1.18.12/lombok-1.18.12.jar:/Users/fundacigdem/.m2/repository/org/slf4j/slf4j-jdk14/1.7.36/slf4j-jdk14-1.7.36.jar:/Users/fundacigdem/.m2/repository/org/slf4j/slf4j-api/1.7.36/slf4j-api-1.7.36.jar:/Users/fundacigdem/.m2/repository/com/github/tomakehurst/wiremock/2.27.1/wiremock-2.27.1.jar:/Users/fundacigdem/.m2/repository/org/eclipse/jetty/jetty-server/9.2.28.v20190418/jetty-server-9.2.28.v20190418.jar:/Users/fundacigdem/.m2/repository/javax/servlet/javax.servlet-api/3.1.0/javax.servlet-api-3.1.0.jar:/Users/fundacigdem/.m2/repository/org/eclipse/jetty/jetty-http/9.2.28.v20190418/jetty-http-9.2.28.v20190418.jar:/Users/fundacigdem/.m2/repository/org/eclipse/jetty/jetty-io/9.2.28.v20190418/jetty-io-9.2.28.v20190418.jar:/Users/fundacigdem/.m2/repository/org/eclipse/jetty/jetty-servlet/9.2.28.v20190418/jetty-servlet-9.2.28.v20190418.jar:/Users/fundacigdem/.m2/repository/org/eclipse/jetty/jetty-security/9.2.28.v20190418/jetty-security-9.2.28.v20190418.jar:/Users/fundacigdem/.m2/repository/org/eclipse/jetty/jetty-servlets/9.2.28.v20190418/jetty-servlets-9.2.28.v20190418.jar:/Users/fundacigdem/.m2/repository/org/eclipse/jetty/jetty-continuation/9.2.28.v20190418/jetty-continuation-9.2.28.v20190418.jar:/Users/fundacigdem/.m2/repository/org/eclipse/jetty/jetty-util/9.2.28.v20190418/jetty-util-9.2.28.v20190418.jar:/Users/fundacigdem/.m2/repository/org/eclipse/jetty/jetty-webapp/9.2.28.v20190418/jetty-webapp-9.2.28.v20190418.jar:/Users/fundacigdem/.m2/repository/org/eclipse/jetty/jetty-xml/9.2.28.v20190418/jetty-xml-9.2.28.v20190418.jar:/Users/fundacigdem/.m2/repository/org/eclipse/jetty/jetty-proxy/9.2.28.v20190418/jetty-proxy-9.2.28.v20190418.jar:/Users/fundacigdem/.m2/repository/org/eclipse/jetty/jetty-client/9.2.28.v20190418/jetty-client-9.2.28.v20190418.jar:/Users/fundacigdem/.m2/repository/com/google/guava/guava/20.0/guava-20.0.jar:/Users/fundacigdem/.m2/repository/com/fasterxml/jackson/core/jackson-core/2.11.0/jackson-core-2.11.0.jar:/Users/fundacigdem/.m2/repository/com/fasterxml/jackson/core/jackson-annotations/2.11.0/jackson-annotations-2.11.0.jar:/Users/fundacigdem/.m2/repository/com/fasterxml/jackson/core/jackson-databind/2.11.0/jackson-databind-2.11.0.jar:/Users/fundacigdem/.m2/repository/org/xmlunit/xmlunit-core/2.7.0/xmlunit-core-2.7.0.jar:/Users/fundacigdem/.m2/repository/javax/xml/bind/jaxb-api/2.3.0/jaxb-api-2.3.0.jar:/Users/fundacigdem/.m2/repository/org/xmlunit/xmlunit-legacy/2.7.0/xmlunit-legacy-2.7.0.jar:/Users/fundacigdem/.m2/repository/org/xmlunit/xmlunit-placeholders/2.7.0/xmlunit-placeholders-2.7.0.jar:/Users/fundacigdem/.m2/repository/com/jayway/jsonpath/json-path/2.4.0/json-path-2.4.0.jar:/Users/fundacigdem/.m2/repository/net/minidev/json-smart/2.3/json-smart-2.3.jar:/Users/fundacigdem/.m2/repository/net/minidev/accessors-smart/1.2/accessors-smart-1.2.jar:/Users/fundacigdem/.m2/repository/org/ow2/asm/asm/7.0/asm-7.0.jar:/Users/fundacigdem/.m2/repository/net/sf/jopt-simple/jopt-simple/5.0.3/jopt-simple-5.0.3.jar:/Users/fundacigdem/.m2/repository/org/apache/commons/commons-lang3/3.7/commons-lang3-3.7.jar:/Users/fundacigdem/.m2/repository/com/github/jknack/handlebars/4.0.7/handlebars-4.0.7.jar:/Users/fundacigdem/.m2/repository/org/antlr/antlr4-runtime/4.7.1/antlr4-runtime-4.7.1.jar:/Users/fundacigdem/.m2/repository/com/github/jknack/handlebars-helpers/4.0.7/handlebars-helpers-4.0.7.jar:/Users/fundacigdem/.m2/repository/com/flipkart/zjsonpatch/zjsonpatch/0.4.4/zjsonpatch-0.4.4.jar:/Users/fundacigdem/.m2/repository/commons-fileupload/commons-fileupload/1.4/commons-fileupload-1.4.jar:/Users/fundacigdem/.m2/repository/commons-io/commons-io/2.2/commons-io-2.2.jar:/Users/fundacigdem/.m2/repository/log4j/log4j/1.2.17/log4j-1.2.17.jar:"/>
    <property name="sun.cpu.endian" value="little"/>
    <property name="user.home" value="/Users/fundacigdem"/>
    <property name="user.language" value="en"/>
    <property name="java.specification.vendor" value="Oracle Corporation"/>
    <property name="java.version.date" value="2020-04-14"/>
    <property name="java.home" value="/usr/local/Cellar/openjdk/14.0.1/libexec/openjdk.jdk/Contents/Home"/>
    <property name="file.separator" value="/"/>
    <property name="basedir" value="/Users/fundacigdem/IdeaProjects/RestApiProjectExercise"/>
    <property name="java.vm.compressedOopsMode" value="Zero based"/>
    <property name="line.separator" value="&#10;"/>
    <property name="java.specification.name" value="Java Platform API Specification"/>
    <property name="java.vm.specification.vendor" value="Oracle Corporation"/>
    <property name="surefire.real.class.path" value="/Users/fundacigdem/IdeaProjects/RestApiProjectExercise/target/surefire/surefirebooter15819613532227638552.jar"/>
    <property name="sun.management.compiler" value="HotSpot 64-Bit Tiered Compilers"/>
    <property name="ftp.nonProxyHosts" value="local|*.local|169.254/16|*.169.254/16"/>
    <property name="java.runtime.version" value="14.0.1+14"/>
    <property name="user.name" value="fundacigdem"/>
    <property name="path.separator" value=":"/>
    <property name="os.version" value="10.16"/>
    <property name="java.runtime.name" value="OpenJDK Runtime Environment"/>
    <property name="file.encoding" value="UTF-8"/>
    <property name="java.vm.name" value="OpenJDK 64-Bit Server VM"/>
    <property name="localRepository" value="/Users/fundacigdem/.m2/repository"/>
    <property name="java.vendor.url.bug" value="https://bugreport.java.com/bugreport/"/>
    <property name="java.io.tmpdir" value="/var/folders/9q/mr67xl050611gq1w7zxzmfhw0000gn/T/"/>
    <property name="java.version" value="14.0.1"/>
    <property name="cucumber.filter.tags" value="@createUser"/>
    <property name="user.dir" value="/Users/fundacigdem/IdeaProjects/RestApiProjectExercise"/>
    <property name="os.arch" value="x86_64"/>
    <property name="java.vm.specification.name" value="Java Virtual Machine Specification"/>
    <property name="java.library.path" value="/Users/fundacigdem/Library/Java/Extensions:/Library/Java/Extensions:/Network/Library/Java/Extensions:/System/Library/Java/Extensions:/usr/lib/java:."/>
    <property name="java.vm.info" value="mixed mode, sharing"/>
    <property name="java.vendor" value="N/A"/>
    <property name="java.vm.version" value="14.0.1+14"/>
    <property name="sun.io.unicode.encoding" value="UnicodeBig"/>
    <property name="socksNonProxyHosts" value="local|*.local|169.254/16|*.169.254/16"/>
    <property name="java.class.version" value="58.0"/>
  </properties>
  <testcase name="Using the POST request and adding new user at the page" classname="Creating the new user at the petStore page" time="2.474"/>
</testsuite>